  MyForm.cpp
E:\SpeedCod 2.0 - копия (4) - основа\MyForm.h(538,63): warning C4244: аргумент: преобразование "double" в "int", возможна потеря данных
  (компиляция исходного файла "MyForm.cpp")
  
E:\SpeedCod 2.0 - копия (4) - основа\MyForm.h(544,63): warning C4244: аргумент: преобразование "double" в "int", возможна потеря данных
  (компиляция исходного файла "MyForm.cpp")
  
E:\SpeedCod 2.0 - копия (4) - основа\MyForm.h(550,63): warning C4244: аргумент: преобразование "double" в "int", возможна потеря данных
  (компиляция исходного файла "MyForm.cpp")
  
E:\SpeedCod 2.0 - копия (4) - основа\MyForm.h(556,63): warning C4244: аргумент: преобразование "double" в "int", возможна потеря данных
  (компиляция исходного файла "MyForm.cpp")
  
E:\SpeedCod 2.0 - копия (4) - основа\MyForm.h(562,63): warning C4244: аргумент: преобразование "double" в "int", возможна потеря данных
  (компиляция исходного файла "MyForm.cpp")
  
E:\SpeedCod 2.0 - копия (4) - основа\MyForm.h(574,63): warning C4244: аргумент: преобразование "double" в "int", возможна потеря данных
  (компиляция исходного файла "MyForm.cpp")
  
E:\SpeedCod 2.0 - копия (4) - основа\MyForm.h(580,63): warning C4244: аргумент: преобразование "double" в "int", возможна потеря данных
  (компиляция исходного файла "MyForm.cpp")
  
E:\SpeedCod 2.0 - копия (4) - основа\MyForm.h(589,63): warning C4244: аргумент: преобразование "double" в "int", возможна потеря данных
  (компиляция исходного файла "MyForm.cpp")
  
E:\SpeedCod 2.0 - копия (4) - основа\MyForm.h(598,63): warning C4244: аргумент: преобразование "double" в "int", возможна потеря данных
  (компиляция исходного файла "MyForm.cpp")
  
E:\SpeedCod 2.0 - копия (4) - основа\MyForm.h(601,63): warning C4244: аргумент: преобразование "double" в "int", возможна потеря данных
  (компиляция исходного файла "MyForm.cpp")
  
E:\SpeedCod 2.0 - копия (4) - основа\MyForm.h(616,63): warning C4244: аргумент: преобразование "double" в "int", возможна потеря данных
  (компиляция исходного файла "MyForm.cpp")
  
E:\SpeedCod 2.0 - копия (4) - основа\MyForm.h(700,63): warning C4244: аргумент: преобразование "double" в "int", возможна потеря данных
  (компиляция исходного файла "MyForm.cpp")
  
E:\SpeedCod 2.0 - копия (4) - основа\MyForm.h(739,63): warning C4244: аргумент: преобразование "double" в "int", возможна потеря данных
  (компиляция исходного файла "MyForm.cpp")
  
E:\SpeedCod 2.0 - копия (4) - основа\MyForm.h(789,62): warning C4244: аргумент: преобразование "double" в "int", возможна потеря данных
  (компиляция исходного файла "MyForm.cpp")
  
E:\SpeedCod 2.0 - копия (4) - основа\MyForm.h(795,62): warning C4244: аргумент: преобразование "double" в "int", возможна потеря данных
  (компиляция исходного файла "MyForm.cpp")
  
E:\SpeedCod 2.0 - копия (4) - основа\MyForm.h(801,62): warning C4244: аргумент: преобразование "double" в "int", возможна потеря данных
  (компиляция исходного файла "MyForm.cpp")
  
E:\SpeedCod 2.0 - копия (4) - основа\MyForm.h(807,62): warning C4244: аргумент: преобразование "double" в "int", возможна потеря данных
  (компиляция исходного файла "MyForm.cpp")
  
E:\SpeedCod 2.0 - копия (4) - основа\MyForm.h(813,62): warning C4244: аргумент: преобразование "double" в "int", возможна потеря данных
  (компиляция исходного файла "MyForm.cpp")
  
E:\SpeedCod 2.0 - копия (4) - основа\MyForm.h(825,62): warning C4244: аргумент: преобразование "double" в "int", возможна потеря данных
  (компиляция исходного файла "MyForm.cpp")
  
E:\SpeedCod 2.0 - копия (4) - основа\MyForm.h(831,62): warning C4244: аргумент: преобразование "double" в "int", возможна потеря данных
  (компиляция исходного файла "MyForm.cpp")
  
E:\SpeedCod 2.0 - копия (4) - основа\MyForm.h(840,62): warning C4244: аргумент: преобразование "double" в "int", возможна потеря данных
  (компиляция исходного файла "MyForm.cpp")
  
E:\SpeedCod 2.0 - копия (4) - основа\MyForm.h(849,62): warning C4244: аргумент: преобразование "double" в "int", возможна потеря данных
  (компиляция исходного файла "MyForm.cpp")
  
E:\SpeedCod 2.0 - копия (4) - основа\MyForm.h(852,62): warning C4244: аргумент: преобразование "double" в "int", возможна потеря данных
  (компиляция исходного файла "MyForm.cpp")
  
E:\SpeedCod 2.0 - копия (4) - основа\MyForm.h(867,62): warning C4244: аргумент: преобразование "double" в "int", возможна потеря данных
  (компиляция исходного файла "MyForm.cpp")
  
E:\SpeedCod 2.0 - копия (4) - основа\MyForm.h(951,62): warning C4244: аргумент: преобразование "double" в "int", возможна потеря данных
  (компиляция исходного файла "MyForm.cpp")
  
E:\SpeedCod 2.0 - копия (4) - основа\MyForm.h(990,62): warning C4244: аргумент: преобразование "double" в "int", возможна потеря данных
  (компиляция исходного файла "MyForm.cpp")
  
E:\SpeedCod 2.0 - копия (4) - основа\MyForm.h(1104,61): warning C4244: аргумент: преобразование "double" в "int", возможна потеря данных
  (компиляция исходного файла "MyForm.cpp")
  
E:\SpeedCod 2.0 - копия (4) - основа\MyForm.h(1110,61): warning C4244: аргумент: преобразование "double" в "int", возможна потеря данных
  (компиляция исходного файла "MyForm.cpp")
  
E:\SpeedCod 2.0 - копия (4) - основа\MyForm.h(1116,61): warning C4244: аргумент: преобразование "double" в "int", возможна потеря данных
  (компиляция исходного файла "MyForm.cpp")
  
E:\SpeedCod 2.0 - копия (4) - основа\MyForm.h(1122,61): warning C4244: аргумент: преобразование "double" в "int", возможна потеря данных
  (компиляция исходного файла "MyForm.cpp")
  
E:\SpeedCod 2.0 - копия (4) - основа\MyForm.h(1128,61): warning C4244: аргумент: преобразование "double" в "int", возможна потеря данных
  (компиляция исходного файла "MyForm.cpp")
  
E:\SpeedCod 2.0 - копия (4) - основа\MyForm.h(1140,61): warning C4244: аргумент: преобразование "double" в "int", возможна потеря данных
  (компиляция исходного файла "MyForm.cpp")
  
E:\SpeedCod 2.0 - копия (4) - основа\MyForm.h(1146,61): warning C4244: аргумент: преобразование "double" в "int", возможна потеря данных
  (компиляция исходного файла "MyForm.cpp")
  
E:\SpeedCod 2.0 - копия (4) - основа\MyForm.h(1155,61): warning C4244: аргумент: преобразование "double" в "int", возможна потеря данных
  (компиляция исходного файла "MyForm.cpp")
  
E:\SpeedCod 2.0 - копия (4) - основа\MyForm.h(1164,61): warning C4244: аргумент: преобразование "double" в "int", возможна потеря данных
  (компиляция исходного файла "MyForm.cpp")
  
E:\SpeedCod 2.0 - копия (4) - основа\MyForm.h(1167,61): warning C4244: аргумент: преобразование "double" в "int", возможна потеря данных
  (компиляция исходного файла "MyForm.cpp")
  
E:\SpeedCod 2.0 - копия (4) - основа\MyForm.h(1182,61): warning C4244: аргумент: преобразование "double" в "int", возможна потеря данных
  (компиляция исходного файла "MyForm.cpp")
  
E:\SpeedCod 2.0 - копия (4) - основа\MyForm.h(1266,61): warning C4244: аргумент: преобразование "double" в "int", возможна потеря данных
  (компиляция исходного файла "MyForm.cpp")
  
  MyForm.obj : обнаружен модуль MSIL; для MSIL последовательная компоновка отключена; выполняется полная компоновка
  SpeedCod.vcxproj -> E:\SpeedCod 2.0 - копия (4) - основа\x64\Debug\SpeedCod.exe
